[I 16:37:31.683 NotebookApp] [nb_conda_kernels] enabled, 3 kernels found
[I 16:37:33.200 NotebookApp] [nb_anacondacloud] enabled
[I 16:37:33.207 NotebookApp] [nb_conda] enabled
[I 16:37:33.335 NotebookApp] ✓ nbpresent HTML export ENABLED
[W 16:37:33.336 NotebookApp] ✗ nbpresent PDF export DISABLED: No module named 'nbbrowserpdf'
[I 16:37:33.348 NotebookApp] Serving notebooks from local directory: /Users/rp/Documents/workspace/python-development/platform/yourdata
[I 16:37:33.349 NotebookApp] 0 active kernels 
[I 16:37:33.349 NotebookApp] The Jupyter Notebook is running at: http://localhost:8888/?token=43404e7cee0f9eead6eed8819524ef9ebcdc8890d15eeeec
[I 16:37:33.349 NotebookApp] Use Control-C to stop this server and shut down all kernels (twice to skip confirmation).
[C 16:37:33.350 NotebookApp] 
    
    Copy/paste this URL into your browser when you connect for the first time,
    to login with a token:
        http://localhost:8888/?token=43404e7cee0f9eead6eed8819524ef9ebcdc8890d15eeeec
[I 16:38:24.665 NotebookApp] 302 GET / (::1) 2.89ms
[I 16:39:02.124 NotebookApp] interrupted
Serving notebooks from local directory: /Users/rp/Documents/workspace/python-development/platform/yourdata
0 active kernels 
The Jupyter Notebook is running at: http://localhost:8888/?token=43404e7cee0f9eead6eed8819524ef9ebcdc8890d15eeeec
Shutdown this notebook server (y/[n])? [I 16:39:21.833 NotebookApp] [nb_conda_kernels] enabled, 3 kernels found
[I 16:39:22.941 NotebookApp] The port 8888 is already in use, trying another port.
[I 16:39:23.031 NotebookApp] [nb_anacondacloud] enabled
[I 16:39:23.037 NotebookApp] [nb_conda] enabled
[I 16:39:23.157 NotebookApp] ✓ nbpresent HTML export ENABLED
[W 16:39:23.157 NotebookApp] ✗ nbpresent PDF export DISABLED: No module named 'nbbrowserpdf'
[I 16:39:23.168 NotebookApp] Serving notebooks from local directory: /Users/rp/Documents/workspace/python-development/platform/yourdata
[I 16:39:23.168 NotebookApp] 0 active kernels 
[I 16:39:23.168 NotebookApp] The Jupyter Notebook is running at: http://localhost:8889/?token=0185e24cd6f6164bd9a89c12e651bd3a8bf7a240c57b8fbb
[I 16:39:23.168 NotebookApp] Use Control-C to stop this server and shut down all kernels (twice to skip confirmation).
[C 16:39:23.169 NotebookApp] 
    
    Copy/paste this URL into your browser when you connect for the first time,
    to login with a token:
        http://localhost:8889/?token=0185e24cd6f6164bd9a89c12e651bd3a8bf7a240c57b8fbb
[C 16:40:11.459 NotebookApp] received signal 15, stopping
[I 16:40:11.480 NotebookApp] Shutting down kernels
[C 16:44:22.171 NotebookApp] received signal 15, stopping
[I 16:44:22.195 NotebookApp] Shutting down kernels
resuming operation...
